2025-08-20 16:35:55,937 - INFO - 
 #### Common information for Graph and DiGraph #### 

2025-08-20 16:35:55,937 - INFO - Knowledge Graph : First_prompt_2025-08-20_09-42-51_Noria.ttl
2025-08-20 16:35:55,937 - INFO - Number of Nodes : 107
2025-08-20 16:35:55,937 - INFO - Number of edges : 139
2025-08-20 16:35:55,937 - INFO - cumulative number of nodes : 107
2025-08-20 16:35:55,938 - INFO - degree_histogram : [0, 69, 7, 1, 18, 0, 0, 3, 1, 1, 6, 0, 0, 0, 0, 0, 0, 0, 0, 0, 0, 0, 1]
2025-08-20 16:35:55,938 - INFO - number of self loop : 4
2025-08-20 16:35:55,938 - INFO - 
 #### Graph KPIs #### 

2025-08-20 16:35:55,938 - INFO - Graph density : 0.012255334156233469
2025-08-20 16:35:55,938 - INFO - 
 #### DiGrap KPIs #### 

2025-08-20 16:35:55,938 - INFO - DiGraph density : 0.024510668312466937
2025-08-20 16:35:55,939 - INFO - Average degree connectivity : {7: 4.9523809523809526, 1: 0.0, 4: 5.888888888888889, 10: 3.4, 22: 0.0, 9: 5.777777777777778, 2: 0.0, 8: 5.125, 3: 0.0}
2025-08-20 16:35:55,939 - INFO - 

2025-08-20 16:35:56,110 - INFO - 
 #### Common information for Graph and DiGraph #### 

2025-08-20 16:35:56,110 - INFO - Knowledge Graph : First_prompt_2025-08-20_09-44-17_Noria.ttl
2025-08-20 16:35:56,110 - INFO - Number of Nodes : 78
2025-08-20 16:35:56,110 - INFO - Number of edges : 105
2025-08-20 16:35:56,110 - INFO - cumulative number of nodes : 185
2025-08-20 16:35:56,110 - INFO - degree_histogram : [0, 52, 0, 1, 1, 12, 8, 2, 0, 0, 0, 0, 1, 0, 0, 0, 0, 1]
2025-08-20 16:35:56,110 - INFO - number of self loop : 0
2025-08-20 16:35:56,110 - INFO - 
 #### Graph KPIs #### 

2025-08-20 16:35:56,111 - INFO - Graph density : 0.017482517482517484
2025-08-20 16:35:56,111 - INFO - 
 #### DiGrap KPIs #### 

2025-08-20 16:35:56,111 - INFO - DiGraph density : 0.03496503496503497
2025-08-20 16:35:56,111 - INFO - Average degree connectivity : {7: 3.9285714285714284, 1: 0.0, 5: 4.4, 12: 0.0, 3: 0.0, 6: 4.666666666666667, 4: 5.0, 17: 0.23529411764705882}
2025-08-20 16:35:56,111 - INFO - 

2025-08-20 16:35:56,302 - INFO - 
 #### Common information for Graph and DiGraph #### 

2025-08-20 16:35:56,302 - INFO - Knowledge Graph : First_prompt_2025-08-20_09-40-13_Noria.ttl
2025-08-20 16:35:56,302 - INFO - Number of Nodes : 107
2025-08-20 16:35:56,302 - INFO - Number of edges : 120
2025-08-20 16:35:56,302 - INFO - cumulative number of nodes : 292
2025-08-20 16:35:56,302 - INFO - degree_histogram : [0, 66, 10, 1, 19, 5, 0, 2, 1, 2, 1]
2025-08-20 16:35:56,302 - INFO - number of self loop : 0
2025-08-20 16:35:56,302 - INFO - 
 #### Graph KPIs #### 

2025-08-20 16:35:56,302 - INFO - Graph density : 0.01058014459530947
2025-08-20 16:35:56,302 - INFO - 
 #### DiGrap KPIs #### 

2025-08-20 16:35:56,302 - INFO - DiGraph density : 0.02116028919061894
2025-08-20 16:35:56,303 - INFO - Average degree connectivity : {4: 3.1315789473684212, 1: 0.0, 5: 1.68, 2: 0.0, 9: 2.2777777777777777, 7: 0.0, 10: 0.3, 8: 1.875, 3: 0.0}
2025-08-20 16:35:56,303 - INFO - 

2025-08-20 16:35:56,489 - INFO - 
 #### Common information for Graph and DiGraph #### 

2025-08-20 16:35:56,489 - INFO - Knowledge Graph : First_prompt_2025-08-20_09-39-41_Noria.ttl
2025-08-20 16:35:56,489 - INFO - Number of Nodes : 99
2025-08-20 16:35:56,489 - INFO - Number of edges : 107
2025-08-20 16:35:56,489 - INFO - cumulative number of nodes : 391
2025-08-20 16:35:56,489 - INFO - degree_histogram : [0, 69, 2, 5, 14, 3, 0, 2, 1, 2, 0, 0, 0, 0, 0, 1]
2025-08-20 16:35:56,489 - INFO - number of self loop : 0
2025-08-20 16:35:56,489 - INFO - 
 #### Graph KPIs #### 

2025-08-20 16:35:56,489 - INFO - Graph density : 0.011028653885796743
2025-08-20 16:35:56,489 - INFO - 
 #### DiGrap KPIs #### 

2025-08-20 16:35:56,489 - INFO - DiGraph density : 0.022057307771593485
2025-08-20 16:35:56,490 - INFO - Average degree connectivity : {15: 1.6666666666666667, 2: 0.0, 4: 2.1785714285714284, 7: 2.0714285714285716, 8: 1.875, 3: 0.9333333333333333, 1: 0.0, 9: 2.5555555555555554, 5: 0.9333333333333333}
2025-08-20 16:35:56,490 - INFO - 

2025-08-20 16:35:56,628 - INFO - 
 #### Common information for Graph and DiGraph #### 

2025-08-20 16:35:56,628 - INFO - Knowledge Graph : First_prompt_2025-08-20_09-41-58_Noria.ttl
2025-08-20 16:35:56,628 - INFO - Number of Nodes : 119
2025-08-20 16:35:56,628 - INFO - Number of edges : 147
2025-08-20 16:35:56,628 - INFO - cumulative number of nodes : 510
2025-08-20 16:35:56,628 - INFO - degree_histogram : [0, 86, 0, 2, 5, 8, 5, 3, 6, 3, 0, 0, 0, 0, 0, 0, 1]
2025-08-20 16:35:56,628 - INFO - number of self loop : 0
2025-08-20 16:35:56,628 - INFO - 
 #### Graph KPIs #### 

2025-08-20 16:35:56,628 - INFO - Graph density : 0.010468594217347957
2025-08-20 16:35:56,628 - INFO - 
 #### DiGrap KPIs #### 

2025-08-20 16:35:56,628 - INFO - DiGraph density : 0.020937188434695914
2025-08-20 16:35:56,629 - INFO - Average degree connectivity : {8: 3.7916666666666665, 1: 0.0, 6: 0.1, 7: 3.142857142857143, 9: 2.6666666666666665, 4: 2.55, 5: 4.95, 16: 0.1875, 3: 0.0}
2025-08-20 16:35:56,629 - INFO - 

2025-08-20 16:35:56,767 - INFO - 
 #### Common information for Graph and DiGraph #### 

2025-08-20 16:35:56,767 - INFO - Knowledge Graph : First_prompt_2025-08-20_09-43-09_Noria.ttl
2025-08-20 16:35:56,767 - INFO - Number of Nodes : 93
2025-08-20 16:35:56,767 - INFO - Number of edges : 102
2025-08-20 16:35:56,767 - INFO - cumulative number of nodes : 603
2025-08-20 16:35:56,767 - INFO - degree_histogram : [0, 60, 2, 7, 7, 13, 2, 2]
2025-08-20 16:35:56,767 - INFO - number of self loop : 0
2025-08-20 16:35:56,767 - INFO - 
 #### Graph KPIs #### 

2025-08-20 16:35:56,767 - INFO - Graph density : 0.011921458625525946
2025-08-20 16:35:56,767 - INFO - 
 #### DiGrap KPIs #### 

2025-08-20 16:35:56,768 - INFO - DiGraph density : 0.023842917251051893
2025-08-20 16:35:56,768 - INFO - Average degree connectivity : {5: 2.353846153846154, 1: 0.0, 3: 3.0952380952380953, 4: 2.0357142857142856, 7: 0.0, 6: 0.8333333333333334, 2: 0.0}
2025-08-20 16:35:56,768 - INFO - 

2025-08-20 16:35:56,908 - INFO - 
 #### Common information for Graph and DiGraph #### 

2025-08-20 16:35:56,908 - INFO - Knowledge Graph : First_prompt_2025-08-20_09-41-36_Noria.ttl
2025-08-20 16:35:56,908 - INFO - Number of Nodes : 140
2025-08-20 16:35:56,908 - INFO - Number of edges : 179
2025-08-20 16:35:56,908 - INFO - cumulative number of nodes : 743
2025-08-20 16:35:56,908 - INFO - degree_histogram : [0, 89, 9, 2, 6, 24, 0, 2, 3, 0, 0, 0, 2, 3]
2025-08-20 16:35:56,908 - INFO - number of self loop : 0
2025-08-20 16:35:56,908 - INFO - 
 #### Graph KPIs #### 

2025-08-20 16:35:56,908 - INFO - Graph density : 0.0091983556012333
2025-08-20 16:35:56,908 - INFO - 
 #### DiGrap KPIs #### 

2025-08-20 16:35:56,908 - INFO - DiGraph density : 0.0183967112024666
2025-08-20 16:35:56,909 - INFO - Average degree connectivity : {5: 3.5833333333333335, 7: 0.0, 8: 4.166666666666667, 1: 0.0, 4: 1.4166666666666667, 13: 0.9743589743589743, 3: 0.0, 12: 1.5833333333333333, 2: 0.0}
2025-08-20 16:35:56,909 - INFO - 

2025-08-20 16:35:57,042 - INFO - 
 #### Common information for Graph and DiGraph #### 

2025-08-20 16:35:57,042 - INFO - Knowledge Graph : First_prompt_2025-08-20_09-38-13_Noria.ttl
2025-08-20 16:35:57,042 - INFO - Number of Nodes : 57
2025-08-20 16:35:57,043 - INFO - Number of edges : 73
2025-08-20 16:35:57,043 - INFO - cumulative number of nodes : 800
2025-08-20 16:35:57,043 - INFO - degree_histogram : [0, 37, 1, 0, 8, 0, 4, 5, 2]
2025-08-20 16:35:57,043 - INFO - number of self loop : 0
2025-08-20 16:35:57,043 - INFO - 
 #### Graph KPIs #### 

2025-08-20 16:35:57,043 - INFO - Graph density : 0.022869674185463658
2025-08-20 16:35:57,043 - INFO - 
 #### DiGrap KPIs #### 

2025-08-20 16:35:57,043 - INFO - DiGraph density : 0.045739348370927316
2025-08-20 16:35:57,043 - INFO - Average degree connectivity : {7: 2.342857142857143, 6: 4.458333333333333, 4: 2.09375, 1: 0.0, 8: 0.5, 2: 0.0}
2025-08-20 16:35:57,043 - INFO - 

2025-08-20 16:35:57,180 - INFO - 
 #### Common information for Graph and DiGraph #### 

2025-08-20 16:35:57,180 - INFO - Knowledge Graph : First_prompt_2025-08-20_09-41-14_Noria.ttl
2025-08-20 16:35:57,180 - INFO - Number of Nodes : 100
2025-08-20 16:35:57,180 - INFO - Number of edges : 129
2025-08-20 16:35:57,180 - INFO - cumulative number of nodes : 900
2025-08-20 16:35:57,180 - INFO - degree_histogram : [0, 67, 5, 1, 9, 0, 8, 2, 0, 3, 3, 1, 1]
2025-08-20 16:35:57,180 - INFO - number of self loop : 0
2025-08-20 16:35:57,180 - INFO - 
 #### Graph KPIs #### 

2025-08-20 16:35:57,180 - INFO - Graph density : 0.013030303030303031
2025-08-20 16:35:57,180 - INFO - 
 #### DiGrap KPIs #### 

2025-08-20 16:35:57,180 - INFO - DiGraph density : 0.026060606060606062
2025-08-20 16:35:57,181 - INFO - Average degree connectivity : {10: 3.7, 1: 0.0, 11: 4.0, 4: 3.6944444444444446, 12: 0.0, 6: 2.4791666666666665, 9: 2.5925925925925926, 2: 0.0, 7: 1.5714285714285714, 3: 0.0}
2025-08-20 16:35:57,181 - INFO - 

2025-08-20 16:35:57,316 - INFO - 
 #### Common information for Graph and DiGraph #### 

2025-08-20 16:35:57,316 - INFO - Knowledge Graph : First_prompt_2025-08-20_09-43-27_Noria.ttl
2025-08-20 16:35:57,316 - INFO - Number of Nodes : 67
2025-08-20 16:35:57,316 - INFO - Number of edges : 84
2025-08-20 16:35:57,317 - INFO - cumulative number of nodes : 967
2025-08-20 16:35:57,317 - INFO - degree_histogram : [0, 44, 0, 0, 10, 2, 4, 6, 1]
2025-08-20 16:35:57,317 - INFO - number of self loop : 1
2025-08-20 16:35:57,317 - INFO - 
 #### Graph KPIs #### 

2025-08-20 16:35:57,317 - INFO - Graph density : 0.018995929443690638
2025-08-20 16:35:57,317 - INFO - 
 #### DiGrap KPIs #### 

2025-08-20 16:35:57,317 - INFO - DiGraph density : 0.037991858887381276
2025-08-20 16:35:57,317 - INFO - Average degree connectivity : {6: 3.9583333333333335, 7: 2.4285714285714284, 4: 1.875, 1: 0.0, 8: 0.0, 5: 1.2}
2025-08-20 16:35:57,317 - INFO - 

2025-08-20 16:35:57,455 - INFO - 
 #### Common information for Graph and DiGraph #### 

2025-08-20 16:35:57,455 - INFO - Knowledge Graph : First_prompt_2025-08-20_09-42-26_Noria.ttl
2025-08-20 16:35:57,455 - INFO - Number of Nodes : 73
2025-08-20 16:35:57,455 - INFO - Number of edges : 79
2025-08-20 16:35:57,455 - INFO - cumulative number of nodes : 1040
2025-08-20 16:35:57,455 - INFO - degree_histogram : [0, 49, 0, 1, 10, 12, 1]
2025-08-20 16:35:57,455 - INFO - number of self loop : 0
2025-08-20 16:35:57,455 - INFO - 
 #### Graph KPIs #### 

2025-08-20 16:35:57,455 - INFO - Graph density : 0.015030441400304413
2025-08-20 16:35:57,455 - INFO - 
 #### DiGrap KPIs #### 

2025-08-20 16:35:57,455 - INFO - DiGraph density : 0.030060882800608826
2025-08-20 16:35:57,455 - INFO - Average degree connectivity : {5: 2.1, 4: 1.575, 6: 0.0, 1: 0.0, 3: 2.3333333333333335}
2025-08-20 16:35:57,455 - INFO - 

2025-08-20 16:35:57,592 - INFO - 
 #### Common information for Graph and DiGraph #### 

2025-08-20 16:35:57,592 - INFO - Knowledge Graph : First_prompt_2025-08-20_09-44-32_Noria.ttl
2025-08-20 16:35:57,592 - INFO - Number of Nodes : 133
2025-08-20 16:35:57,592 - INFO - Number of edges : 139
2025-08-20 16:35:57,592 - INFO - cumulative number of nodes : 1173
2025-08-20 16:35:57,592 - INFO - degree_histogram : [0, 96, 2, 10, 15, 3, 2, 0, 0, 1, 0, 0, 1, 2, 1]
2025-08-20 16:35:57,592 - INFO - number of self loop : 0
2025-08-20 16:35:57,592 - INFO - 
 #### Graph KPIs #### 

2025-08-20 16:35:57,592 - INFO - Graph density : 0.007917521075415813
2025-08-20 16:35:57,592 - INFO - 
 #### DiGrap KPIs #### 

2025-08-20 16:35:57,592 - INFO - DiGraph density : 0.015835042150831626
2025-08-20 16:35:57,593 - INFO - Average degree connectivity : {14: 1.7857142857142858, 1: 0.0, 12: 1.9166666666666667, 5: 1.8, 9: 3.6666666666666665, 4: 1.5833333333333333, 6: 0.0, 2: 0.0, 3: 1.6, 13: 2.230769230769231}
2025-08-20 16:35:57,593 - INFO - 

2025-08-20 16:35:57,744 - INFO - 
 #### Common information for Graph and DiGraph #### 

2025-08-20 16:35:57,744 - INFO - Knowledge Graph : First_prompt_2025-08-20_09-38-44_Noria.ttl
2025-08-20 16:35:57,744 - INFO - Number of Nodes : 190
2025-08-20 16:35:57,744 - INFO - Number of edges : 342
2025-08-20 16:35:57,744 - INFO - cumulative number of nodes : 1363
2025-08-20 16:35:57,744 - INFO - degree_histogram : [0, 63, 11, 9, 34, 61, 9, 0, 0, 1, 1, 0, 0, 0, 0, 0, 0, 0, 0, 0, 0, 0, 0, 0, 0, 0, 0, 0, 0, 0, 0, 0, 0, 0, 0, 0, 0, 0, 0, 0, 0, 0, 0, 0, 0, 0, 0, 0, 0, 0, 0, 0, 0, 0, 0, 0, 0, 0, 1]
2025-08-20 16:35:57,744 - INFO - number of self loop : 0
2025-08-20 16:35:57,744 - INFO - 
 #### Graph KPIs #### 

2025-08-20 16:35:57,744 - INFO - Graph density : 0.009523809523809525
2025-08-20 16:35:57,744 - INFO - 
 #### DiGrap KPIs #### 

2025-08-20 16:35:57,744 - INFO - DiGraph density : 0.01904761904761905
2025-08-20 16:35:57,745 - INFO - Average degree connectivity : {5: 11.698360655737705, 4: 1.2573529411764706, 2: 0.0, 1: 0.15873015873015872, 58: 0.0, 6: 12.166666666666666, 10: 0.0, 3: 0.0, 9: 0.0}
2025-08-20 16:35:57,745 - INFO - 

2025-08-20 16:35:57,884 - INFO - 
 #### Common information for Graph and DiGraph #### 

2025-08-20 16:35:57,884 - INFO - Knowledge Graph : First_prompt_2025-08-20_09-38-25_Noria.ttl
2025-08-20 16:35:57,884 - INFO - Number of Nodes : 100
2025-08-20 16:35:57,884 - INFO - Number of edges : 118
2025-08-20 16:35:57,884 - INFO - cumulative number of nodes : 1463
2025-08-20 16:35:57,884 - INFO - degree_histogram : [0, 53, 21, 0, 17, 1, 0, 3, 2, 1, 1, 0, 1]
2025-08-20 16:35:57,884 - INFO - number of self loop : 0
2025-08-20 16:35:57,884 - INFO - 
 #### Graph KPIs #### 

2025-08-20 16:35:57,884 - INFO - Graph density : 0.01191919191919192
2025-08-20 16:35:57,884 - INFO - 
 #### DiGrap KPIs #### 

2025-08-20 16:35:57,884 - INFO - DiGraph density : 0.02383838383838384
2025-08-20 16:35:57,884 - INFO - Average degree connectivity : {4: 3.4558823529411766, 1: 0.0, 12: 0.0, 10: 1.3, 8: 1.6875, 2: 0.0, 9: 1.3333333333333333, 7: 3.1904761904761907, 5: 0.6}
2025-08-20 16:35:57,884 - INFO - 

