* Owlready2 * WARNING: DataProperty https://w3id.org/noria/ontology/structuralElementObservableData belongs to more than one entity types: [owl.DatatypeProperty, temp_graph.elementProperty]; I'm trying to fix it...
* Owlready2 * WARNING: DataProperty https://w3id.org/noria/ontology/documentHRef belongs to more than one entity types: [owl.DatatypeProperty, terms.source]; I'm trying to fix it...
* Owlready2 * WARNING: DataProperty https://w3id.org/noria/ontology/troubleTicketSupervisionTool belongs to more than one entity types: [owl.DatatypeProperty, terms.source]; I'm trying to fix it...
* Owlready2 * Running HermiT...
    java -Xmx2000M -cp /home/piod7321/DIGITAL_TWIN/gengraphllm/lib/python3.12/site-packages/owlready2/hermit:/home/piod7321/DIGITAL_TWIN/gengraphllm/lib/python3.12/site-packages/owlready2/hermit/HermiT.jar org.semanticweb.HermiT.cli.CommandLine -c -O -D -I file:////tmp/tmpwdgplolj
Traceback (most recent call last):
  File "/home/piod7321/DIGITAL_TWIN/gengraphllm/lib/python3.12/site-packages/owlready2/reasoning.py", line 149, in sync_reasoner_hermit
    output = subprocess.check_output(command, stderr = subprocess.STDOUT, **_subprocess_kargs)
             ^^^^^^^^^^^^^^^^^^^^^^^^^^^^^^^^^^^^^^^^^^^^^^^^^^^^^^^^^^^^^^^^^^^^^^^^^^^^^^^^^
  File "/usr/lib/python3.12/subprocess.py", line 466, in check_output
    return run(*popenargs, stdout=PIPE, timeout=timeout, check=True,
           ^^^^^^^^^^^^^^^^^^^^^^^^^^^^^^^^^^^^^^^^^^^^^^^^^^^^^^^^^
  File "/usr/lib/python3.12/subprocess.py", line 571, in run
    raise CalledProcessError(retcode, process.args,
subprocess.CalledProcessError: Command '['java', '-Xmx2000M', '-cp', '/home/piod7321/DIGITAL_TWIN/gengraphllm/lib/python3.12/site-packages/owlready2/hermit:/home/piod7321/DIGITAL_TWIN/gengraphllm/lib/python3.12/site-packages/owlready2/hermit/HermiT.jar', 'org.semanticweb.HermiT.cli.CommandLine', '-c', '-O', '-D', '-I', 'file:////tmp/tmpwdgplolj']' returned non-zero exit status 1.

During handling of the above exception, another exception occurred:

Traceback (most recent call last):
  File "/home/piod7321/DIGITAL_TWIN/gengraphllm/check_skg/check_skg.py", line 58, in <module>
    owlready2.sync_reasoner()
  File "/home/piod7321/DIGITAL_TWIN/gengraphllm/lib/python3.12/site-packages/owlready2/reasoning.py", line 152, in sync_reasoner_hermit
    raise OwlReadyInconsistentOntologyError()
owlready2.base.OwlReadyInconsistentOntologyError
